 .../LEGION-NEXT/implementation/phase-12/HANDOFF.md |   79 +
 .../implementation/phase-12/ledger.yaml            |  112 ++
 README.md                                          |    6 +-
 apps/cli-e2e/test/cli-e2e.test.mjs                 |   14 +-
 checksums.sha256                                   |    2 +-
 docs/next/LEGION-ASCENDED-KANBAN-MANIFEST.md       |   19 +-
 docs/next/evidence/P12-CLOSEOUT/artifacts-test.log |   77 +
 docs/next/evidence/P12-CLOSEOUT/board-test.log     |  132 ++
 docs/next/evidence/P12-CLOSEOUT/cli-e2e-test.log   |   43 +
 .../next/evidence/P12-CLOSEOUT/command-results.tsv |   12 +
 .../next/evidence/P12-CLOSEOUT/command-summary.env |    8 +
 docs/next/evidence/P12-CLOSEOUT/core-test.log      |  260 +++
 .../P12-CLOSEOUT/git-diff-stat-after-gates.log     |    6 +
 docs/next/evidence/P12-CLOSEOUT/git-diff-stat.log  |    6 +
 .../P12-CLOSEOUT/git-status-after-gates.log        |    9 +
 docs/next/evidence/P12-CLOSEOUT/git-status.log     |    9 +
 .../evidence/P12-CLOSEOUT/integration-report.yaml  |  159 ++
 docs/next/evidence/P12-CLOSEOUT/protocol-test.log  |   70 +
 .../P12-CLOSEOUT/runtime-bridge-docs-test.log      |   13 +
 .../evidence/P12-CLOSEOUT/store-sqlite-test.log    |  188 ++
 docs/next/evidence/P12-CLOSEOUT/typecheck.log      |   48 +
 .../P12-CLOSEOUT/validate-next-precloseout.log     | 1897 ++++++++++++++++++++
 docs/next/evidence/P12-CLOSEOUT/validate-next.log  | 1897 ++++++++++++++++++++
 .../next/evidence/P12-CLOSEOUT/workspace-tests.log |  948 ++++++++++
 docs/next/evidence/P12-T01/integration-report.yaml |   35 +
 docs/next/evidence/P12-T02/integration-report.yaml |   32 +
 docs/next/reviews/PHASE-12-INDEPENDENT-REVIEW.md   |   67 +
 packages/cli/src/commands/migrate/index.ts         |    8 +-
 packages/cli/src/index.ts                          |    2 +-
 tests/runtime-bridge-docs.test.mjs                 |   51 +
 30 files changed, 6187 insertions(+), 22 deletions(-)
