P00-T01 charter review record
Date: 2026-06-19
Decision owner: dasbl
Phase coordinator: dasbl
Source authorization: Phase 0 governance records in this repository keep dasbl as the decision owner and phase coordinator for the governance handoff.

Reviewed artifacts:
- docs/next/REWRITE-CHARTER.md
- docs/next/V8-MAINTENANCE-POLICY.md
- docs/next/README.md
- CHANGELOG.md
- .github/CODEOWNERS

Review findings:
- The rewrite charter names a single decision owner.
- The rewrite charter names review owners for ADRs, protocol schemas, runtime drivers, migrations, security, and evaluation fixtures.
- The v8 policy distinguishes permitted maintenance from v9-only feature work.
- Branch naming, PR labeling, review ownership, and release-channel conventions are recorded.
- The historical stale-local-main validation failure was superseded by a public remote-main validation attempt.
- The CRLF validation failure was superseded by an LF-preserving public remote-main validation attempt.
- P00-T01 LF-preserving remote-main validation passed.
- The local annotated baseline tag was created and verified from a fresh LF-preserving checkout.

Decision:
Accepted for Phase 0 execution. P00-T01 governance, v8 maintenance policy, ownership routing, baseline tag, and validation evidence satisfy the task contract.
