.                                        | [WARN] Unsupported engine: wanted: {"node":">=24.0.0 <26"} (current: {"node":"v26.0.0","pnpm":"11.4.0"})
Scope: 10 of 11 workspace projects
packages/protocol typecheck$ tsc -p tsconfig.json --noEmit
packages/protocol typecheck: Done
packages/board-store typecheck$ tsc -p tsconfig.json --noEmit
packages/artifacts typecheck$ tsc -p tsconfig.json --noEmit
packages/core typecheck$ tsc -p tsconfig.json --noEmit
packages/board-store typecheck: Done
packages/artifacts typecheck: Done
packages/core typecheck: Done
packages/legacy-bridge typecheck$ tsc -p tsconfig.json --noEmit
packages/board typecheck$ tsc -p tsconfig.json --noEmit
packages/runtime-eve typecheck$ tsc -p tsconfig.json --noEmit
packages/runtime-eve typecheck: Done
packages/board typecheck: Done
packages/legacy-bridge typecheck: Done
packages/store-sqlite typecheck$ tsc -p tsconfig.json --noEmit
packages/store-sqlite typecheck: Done
packages/cli typecheck$ tsc -p tsconfig.json --noEmit
packages/cli typecheck: Done
