=== staged Phase 9 diff stat vs 657f14ef52974efb0b72f009f536f7105884ad9c (excluding self-referential evidence-index.yaml) ===
 .../LEGION-NEXT/implementation/phase-09/HANDOFF.md |   93 ++
 .../implementation/phase-09/ledger.yaml            |  136 ++
 docs/next/LEGION-ASCENDED-KANBAN-MANIFEST.md       |   16 +-
 docs/next/evidence/P09-CLOSEOUT/artifacts-test.log |   80 +
 docs/next/evidence/P09-CLOSEOUT/board-test.log     |   54 +
 .../next/evidence/P09-CLOSEOUT/command-results.tsv |    9 +
 .../next/evidence/P09-CLOSEOUT/command-summary.env |    6 +
 docs/next/evidence/P09-CLOSEOUT/core-test.log      |  244 +++
 .../evidence/P09-CLOSEOUT/gitleaks-p09-diff.log    |   16 +
 .../evidence/P09-CLOSEOUT/integration-report.yaml  |  155 ++
 docs/next/evidence/P09-CLOSEOUT/protocol-test.log  |   73 +
 .../evidence/P09-CLOSEOUT/store-sqlite-test.log    |  155 ++
 docs/next/evidence/P09-CLOSEOUT/typecheck.log      |   51 +
 docs/next/evidence/P09-CLOSEOUT/validate-next.log  | 1752 ++++++++++++++++++++
 .../next/evidence/P09-CLOSEOUT/workspace-tests.log |  803 +++++++++
 docs/next/evidence/P09-T01/artifacts-test.log      |   69 +
 docs/next/evidence/P09-T01/command-summary.env     |    5 +
 docs/next/evidence/P09-T01/core-test.log           |  235 +++
 docs/next/evidence/P09-T01/git-diff-stat.log       |    2 +
 docs/next/evidence/P09-T01/git-status.log          |   17 +
 docs/next/evidence/P09-T01/gitleaks-p09-diff.log   |    9 +
 docs/next/evidence/P09-T01/integration-report.yaml |  137 ++
 .../evidence/P09-T01/merge-queue-snapshot.json     |  338 ++++
 docs/next/evidence/P09-T01/protocol-test.log       |   64 +
 docs/next/evidence/P09-T01/typecheck.log           |   42 +
 docs/next/evidence/P09-T01/validate-next.log       | 1682 +++++++++++++++++++
 docs/next/evidence/P09-T01/workspace-tests.log     |  743 +++++++++
 docs/next/evidence/P09-T02/artifacts-test.log      |   73 +
 docs/next/evidence/P09-T02/board-test.log          |   47 +
 docs/next/evidence/P09-T02/command-summary.env     |   37 +
 docs/next/evidence/P09-T02/core-test.log           |  237 +++
 docs/next/evidence/P09-T02/git-diff-stat.log       |   10 +
 docs/next/evidence/P09-T02/git-status.log          |   26 +
 docs/next/evidence/P09-T02/gitleaks-p09-diff.log   |    9 +
 docs/next/evidence/P09-T02/integration-report.yaml |  156 ++
 docs/next/evidence/P09-T02/protocol-test.log       |   66 +
 docs/next/evidence/P09-T02/store-sqlite-test.log   |  148 ++
 docs/next/evidence/P09-T02/typecheck.log           |   44 +
 docs/next/evidence/P09-T02/validate-next.log       | 1745 +++++++++++++++++++
 .../evidence/P09-T02/whole-change-snapshot.json    |   75 +
 docs/next/evidence/P09-T02/workspace-tests.log     |  796 +++++++++
 docs/next/reviews/PHASE-09-INDEPENDENT-REVIEW.md   |   60 +
 packages/board-store/src/index.ts                  |   14 +-
 packages/board/package.json                        |   10 +-
 packages/board/src/index.ts                        |   56 +
 packages/board/src/whole-change/aggregator.ts      |  619 +++++++
 packages/board/src/whole-change/contract.ts        |  338 ++++
 packages/board/src/whole-change/hash.ts            |  159 ++
 packages/board/src/whole-change/index.ts           |   49 +
 packages/board/src/whole-change/projector.ts       |  110 ++
 packages/board/src/whole-change/reducer.ts         |  376 +++++
 .../board/test/whole-change-aggregator.test.mjs    |  594 +++++++
 packages/board/test/whole-change-fixture.mjs       |  185 +++
 packages/board/tsconfig.json                       |    6 +-
 packages/core/src/index.ts                         |    1 +
 packages/core/src/merge/conflict.ts                |  248 +++
 packages/core/src/merge/contract.ts                |  337 ++++
 packages/core/src/merge/gate.ts                    |  198 +++
 packages/core/src/merge/hash.ts                    |  311 ++++
 packages/core/src/merge/index.ts                   |   39 +
 packages/core/src/merge/orchestrator.ts            |  256 +++
 packages/core/src/merge/rebase.ts                  |  404 +++++
 packages/core/test/merge-evidence-snapshot.mjs     |   43 +
 packages/core/test/merge-fixture.mjs               |  387 +++++
 packages/core/test/merge.test.mjs                  | 1181 +++++++++++++
 packages/store-sqlite/package.json                 |    1 +
 packages/store-sqlite/src/index.ts                 |   19 +
 .../store-sqlite/src/whole-change-projector.ts     |  252 +++
 .../store-sqlite/test/whole-change-fixture.mjs     |  185 +++
 .../test/whole-change-projector.test.mjs           |  179 ++
 packages/store-sqlite/tsconfig.json                |    1 +
 pnpm-lock.yaml                                     |   13 +
 scripts/check-package-boundaries.mjs               |    2 +-
 73 files changed, 17073 insertions(+), 15 deletions(-)
