P01-T02 boundary checker RED test
started_at: 2026-06-19T19:46:45.9004694-04:00

>>> node --test tests/package-boundaries.test.mjs
node:internal/modules/esm/resolve:271
    throw new ERR_MODULE_NOT_FOUND(
          ^

Error [ERR_MODULE_NOT_FOUND]: Cannot find module 'C:\Users\dasbl\Documents\Legion Retooled\.worktrees\legion-next-phase-01\scripts\check-package-boundaries.mjs' imported from C:\Users\dasbl\Documents\Legion Retooled\.worktrees\legion-next-phase-01\tests\package-boundaries.test.mjs
    at finalizeResolution (node:internal/modules/esm/resolve:271:11)
    at moduleResolve (node:internal/modules/esm/resolve:861:10)
    at defaultResolve (node:internal/modules/esm/resolve:988:11)
    at #cachedDefaultResolve (node:internal/modules/esm/loader:697:20)
    at #resolveAndMaybeBlockOnLoaderThread (node:internal/modules/esm/loader:714:38)
    at ModuleLoader.resolveSync (node:internal/modules/esm/loader:746:52)
    at #resolve (node:internal/modules/esm/loader:679:17)
    at ModuleLoader.getOrCreateModuleJob (node:internal/modules/esm/loader:599:35)
    at ModuleJob.syncLink (node:internal/modules/esm/module_job:162:33)
    at ModuleJob.link (node:internal/modules/esm/module_job:252:17) {
  code: 'ERR_MODULE_NOT_FOUND',
  url: 'file:///C:/Users/dasbl/Documents/Legion%20Retooled/.worktrees/legion-next-phase-01/scripts/check-package-boundaries.mjs'
}

Node.js v25.9.0
✖ tests\package-boundaries.test.mjs (46.0439ms)
ℹ tests 1
ℹ suites 0
ℹ pass 0
ℹ fail 1
ℹ cancelled 0
ℹ skipped 0
ℹ todo 0
ℹ duration_ms 51.0903

✖ failing tests:

test at tests\package-boundaries.test.mjs:1:1
✖ tests\package-boundaries.test.mjs (46.0439ms)
  'test failed'
exit_code: 1
result: EXPECTED_FAIL
