 .../LEGION-NEXT/implementation/phase-11/HANDOFF.md |  127 ++
 .../implementation/phase-11/evidence-index.yaml    |  224 +++
 .../implementation/phase-11/ledger.yaml            |  166 ++
 apps/cli-e2e/test/cli-e2e.test.mjs                 |  737 ++++++++
 docs/next/LEGION-ASCENDED-KANBAN-MANIFEST.md       |   15 +-
 docs/next/evidence/P11-CLOSEOUT/artifacts-test.log |   76 +
 docs/next/evidence/P11-CLOSEOUT/board-test.log     |  131 ++
 docs/next/evidence/P11-CLOSEOUT/cli-e2e-test.log   |   42 +
 .../next/evidence/P11-CLOSEOUT/command-results.tsv |   11 +
 .../next/evidence/P11-CLOSEOUT/command-summary.env |   10 +
 docs/next/evidence/P11-CLOSEOUT/core-test.log      |  259 +++
 docs/next/evidence/P11-CLOSEOUT/git-diff-stat.log  |   84 +
 docs/next/evidence/P11-CLOSEOUT/git-status.log     |   21 +
 .../evidence/P11-CLOSEOUT/gitleaks-p11-diff.log    |   12 +
 .../evidence/P11-CLOSEOUT/integration-report.yaml  |  165 ++
 docs/next/evidence/P11-CLOSEOUT/protocol-test.log  |   69 +
 .../evidence/P11-CLOSEOUT/store-sqlite-test.log    |  187 ++
 docs/next/evidence/P11-CLOSEOUT/typecheck.log      |   47 +
 docs/next/evidence/P11-CLOSEOUT/validate-next.log  | 1895 ++++++++++++++++++++
 .../next/evidence/P11-CLOSEOUT/workspace-tests.log |  946 ++++++++++
 .../evidence/P11-T01/approval-gate-snapshot.json   |   30 +
 docs/next/evidence/P11-T01/artifacts-test.log      |   10 +
 docs/next/evidence/P11-T01/board-test.log          |   15 +
 docs/next/evidence/P11-T01/cli-e2e-test.log        |   15 +
 docs/next/evidence/P11-T01/core-test.log           |   10 +
 docs/next/evidence/P11-T01/dashboard-snapshot.json |  113 ++
 docs/next/evidence/P11-T01/git-diff-stat.log       |    5 +
 docs/next/evidence/P11-T01/git-status.log          |   21 +
 docs/next/evidence/P11-T01/gitleaks-p11-diff.log   |    9 +
 docs/next/evidence/P11-T01/integration-report.yaml |  152 ++
 docs/next/evidence/P11-T01/protocol-test.log       |   10 +
 docs/next/evidence/P11-T01/store-sqlite-test.log   |   15 +
 docs/next/evidence/P11-T01/typecheck.log           |   25 +
 docs/next/evidence/P11-T01/validate-next.log       |   10 +
 docs/next/evidence/P11-T01/workspace-tests.log     |   15 +
 docs/next/evidence/P11-T02/artifacts-test.log      |   10 +
 docs/next/evidence/P11-T02/board-test.log          |   15 +
 docs/next/evidence/P11-T02/cli-e2e-test.log        |   10 +
 docs/next/evidence/P11-T02/core-test.log           |   10 +
 docs/next/evidence/P11-T02/git-diff-stat.log       |    5 +
 docs/next/evidence/P11-T02/git-status.log          |   24 +
 docs/next/evidence/P11-T02/gitleaks-p11-diff.log   |    9 +
 docs/next/evidence/P11-T02/integration-report.yaml |  147 ++
 docs/next/evidence/P11-T02/portfolio-snapshot.json |  119 ++
 docs/next/evidence/P11-T02/protocol-test.log       |   10 +
 docs/next/evidence/P11-T02/store-sqlite-test.log   |   15 +
 docs/next/evidence/P11-T02/typecheck.log           |   20 +
 docs/next/evidence/P11-T02/validate-next.log       |   20 +
 docs/next/evidence/P11-T02/workspace-tests.log     |   10 +
 docs/next/reviews/PHASE-11-INDEPENDENT-REVIEW.md   |   68 +
 packages/board/src/approval-gate/contract.ts       |  273 +++
 packages/board/src/approval-gate/index.ts          |   41 +
 packages/board/src/approval-gate/reducer.ts        |  486 +++++
 packages/board/src/dashboard/contract.ts           |  339 ++++
 packages/board/src/dashboard/hash.ts               |  162 ++
 packages/board/src/dashboard/index.ts              |   54 +
 packages/board/src/dashboard/reducer.ts            |  768 ++++++++
 packages/board/src/index.ts                        |  144 ++
 packages/board/src/portfolio/contract.ts           |  496 +++++
 packages/board/src/portfolio/hash.ts               |  220 +++
 packages/board/src/portfolio/index.ts              |   62 +
 packages/board/src/portfolio/reducer.ts            | 1084 +++++++++++
 packages/board/test/approval-gate-fixture.mjs      |  362 ++++
 packages/board/test/approval-gate.test.mjs         |  278 +++
 packages/board/test/dashboard-aggregator.test.mjs  |  334 ++++
 packages/board/test/dashboard-fixture.mjs          |  358 ++++
 packages/board/test/portfolio-fixture.mjs          |  450 +++++
 packages/board/test/portfolio-reducer.test.mjs     |  501 ++++++
 packages/cli/src/commands/board/approval-gate.ts   |  330 ++++
 packages/cli/src/commands/board/dashboard.ts       |  324 ++++
 packages/cli/src/commands/board/index.ts           |   12 +
 packages/cli/src/commands/board/portfolio.ts       |  350 ++++
 .../store-sqlite/src/approval-gate-projector.ts    |  317 ++++
 packages/store-sqlite/src/dashboard-projector.ts   |  290 +++
 packages/store-sqlite/src/index.ts                 |   69 +
 packages/store-sqlite/src/portfolio-projector.ts   |  326 ++++
 .../store-sqlite/test/approval-gate-fixture.mjs    |  246 +++
 .../test/approval-gate-projector.test.mjs          |  400 +++++
 packages/store-sqlite/test/dashboard-fixture.mjs   |  215 +++
 .../store-sqlite/test/dashboard-projector.test.mjs |  352 ++++
 packages/store-sqlite/test/portfolio-fixture.mjs   |  313 ++++
 .../store-sqlite/test/portfolio-projector.test.mjs |  345 ++++
 scripts/portfolio-snapshot.mjs                     |  292 +++
 83 files changed, 16758 insertions(+), 6 deletions(-)
