P01-T01 final verification
started_at: 2026-06-19T19:43:02.5486222-04:00

>>> pnpm run bootstrap
$ pnpm install --frozen-lockfile --strict-peer-dependencies
Already up to date
Done in 224ms using pnpm v11.4.0

>>> pnpm run validate
$ pnpm run typecheck && pnpm run test
$ tsc -p tsconfig.base.json --showConfig
{
    "compilerOptions": {
        "target": "es2024",
        "module": "nodenext",
        "moduleResolution": "nodenext",
        "lib": [
            "es2024"
        ],
        "strict": true,
        "noUncheckedIndexedAccess": true,
        "exactOptionalPropertyTypes": true,
        "isolatedModules": true,
        "verbatimModuleSyntax": true,
        "declaration": true,
        "declarationMap": true,
        "sourceMap": true,
        "composite": true,
        "incremental": false,
        "noEmitOnError": true,
        "forceConsistentCasingInFileNames": true,
        "noFallthroughCasesInSwitch": true,
        "noImplicitOverride": true,
        "noPropertyAccessFromIndexSignature": true,
        "useUnknownInCatchVariables": true,
        "skipLibCheck": false,
        "moduleDetection": "force",
        "newLine": "lf",
        "preserveConstEnums": true
    },
    "files": [
        "./spikes/store/store-interface.d.ts"
    ]
}
$ pnpm -r --if-present test
No projects matched the filters in "C:\Users\dasbl\Documents\Legion Retooled\.worktrees\legion-next-phase-01"

>>> npm run validate

> @9thlevelsoftware/legion@9.0.0-alpha.0 validate
> pnpm run typecheck && pnpm run test

$ tsc -p tsconfig.base.json --showConfig
{
    "compilerOptions": {
        "target": "es2024",
        "module": "nodenext",
        "moduleResolution": "nodenext",
        "lib": [
            "es2024"
        ],
        "strict": true,
        "noUncheckedIndexedAccess": true,
        "exactOptionalPropertyTypes": true,
        "isolatedModules": true,
        "verbatimModuleSyntax": true,
        "declaration": true,
        "declarationMap": true,
        "sourceMap": true,
        "composite": true,
        "incremental": false,
        "noEmitOnError": true,
        "forceConsistentCasingInFileNames": true,
        "noFallthroughCasesInSwitch": true,
        "noImplicitOverride": true,
        "noPropertyAccessFromIndexSignature": true,
        "useUnknownInCatchVariables": true,
        "skipLibCheck": false,
        "moduleDetection": "force",
        "newLine": "lf",
        "preserveConstEnums": true
    },
    "files": [
        "./spikes/store/store-interface.d.ts"
    ]
}
$ pnpm -r --if-present test
No projects matched the filters in "C:\Users\dasbl\Documents\Legion Retooled\.worktrees\legion-next-phase-01"

>>> npm test

> @9thlevelsoftware/legion@9.0.0-alpha.0 test
> pnpm -r --if-present test

No projects matched the filters in "C:\Users\dasbl\Documents\Legion Retooled\.worktrees\legion-next-phase-01"

>>> npm pack --dry-run --json
[
  {
    "id": "@9thlevelsoftware/legion@9.0.0-alpha.0",
    "name": "@9thlevelsoftware/legion",
    "version": "9.0.0-alpha.0",
    "size": 37568,
    "unpackedSize": 128472,
    "shasum": "140b0fe70ed0e787cc1b1232d13515630ecf9ccd",
    "integrity": "sha512-IY3SzGo1p2TtBfRV+XLOFW8qHO96igsBI1Ts2XtR9rFaJzSJDS0+1SbBe/gYmxYn2hIQ5x4QLU8NYNmFYnA/lw==",
    "filename": "9thlevelsoftware-legion-9.0.0-alpha.0.tgz",
    "files": [
      {
        "path": "CHANGELOG.md",
        "size": 623,
        "mode": 420
      },
      {
        "path": "docs/legion-next-roadmap.md",
        "size": 13990,
        "mode": 420
      },
      {
        "path": "docs/next/adr/.gitkeep",
        "size": 44,
        "mode": 420
      },
      {
        "path": "docs/next/adr/ADR-001-runtime-product.md",
        "size": 6650,
        "mode": 420
      },
      {
        "path": "docs/next/adr/ADR-002-functional-workers.md",
        "size": 7975,
        "mode": 420
      },
      {
        "path": "docs/next/adr/ADR-003-state-ownership.md",
        "size": 8376,
        "mode": 420
      },
      {
        "path": "docs/next/adr/ADR-004-runtime-driver.md",
        "size": 6241,
        "mode": 420
      },
      {
        "path": "docs/next/adr/ADR-005-events-idempotency.md",
        "size": 7547,
        "mode": 420
      },
      {
        "path": "docs/next/adr/ADR-006-risk-adaptive-gates.md",
        "size": 7717,
        "mode": 420
      },
      {
        "path": "docs/next/adr/ADR-007-kanban-migration.md",
        "size": 7090,
        "mode": 420
      },
      {
        "path": "docs/next/adr/ADR-008-local-store-selection.md",
        "size": 3168,
        "mode": 420
      },
      {
        "path": "docs/next/baseline/V8-WORKFLOW-COMPATIBILITY-BASELINE.md",
        "size": 2849,
        "mode": 420
      },
      {
        "path": "docs/next/PHASE-00-DECISION.md",
        "size": 3321,
        "mode": 420
      },
      {
        "path": "docs/next/README.md",
        "size": 3617,
        "mode": 420
      },
      {
        "path": "docs/next/V8-MAINTENANCE-POLICY.md",
        "size": 2801,
        "mode": 420
      },
      {
        "path": "evals/baseline/.gitkeep",
        "size": 44,
        "mode": 420
      },
      {
        "path": "evals/baseline/corpus-manifest.yaml",
        "size": 435,
        "mode": 420
      },
      {
        "path": "evals/baseline/fixture-hashes.sha256",
        "size": 3816,
        "mode": 420
      },
      {
        "path": "evals/baseline/manifest.yaml",
        "size": 2836,
        "mode": 420
      },
      {
        "path": "evals/baseline/README.md",
        "size": 564,
        "mode": 420
      },
      {
        "path": "evals/baseline/rubrics/deterministic.yaml",
        "size": 407,
        "mode": 420
      },
      {
        "path": "evals/baseline/rubrics/judged.yaml",
        "size": 428,
        "mode": 420
      },
      {
        "path": "evals/baseline/run-manifest-template.yaml",
        "size": 958,
        "mode": 420
      },
      {
        "path": "evals/baseline/runs/.gitkeep",
        "size": 83,
        "mode": 420
      },
      {
        "path": "evals/baseline/runs/P00-T06-BLOCKED-20260619/blocker.json",
        "size": 1459,
        "mode": 420
      },
      {
        "path": "evals/baseline/scenarios/api-change.v1.json",
        "size": 1962,
        "mode": 420
      },
      {
        "path": "evals/baseline/scenarios/brownfield-feature.v1.json",
        "size": 1987,
        "mode": 420
      },
      {
        "path": "evals/baseline/scenarios/bug-fix.v1.json",
        "size": 1915,
        "mode": 420
      },
      {
        "path": "evals/baseline/scenarios/greenfield-feature.v1.json",
        "size": 2015,
        "mode": 420
      },
      {
        "path": "evals/baseline/scenarios/interrupted-resumed.v1.json",
        "size": 1978,
        "mode": 420
      },
      {
        "path": "evals/baseline/scenarios/noop-calibration.v1.json",
        "size": 1789,
        "mode": 420
      },
      {
        "path": "evals/baseline/scenarios/refactor.v1.json",
        "size": 1885,
        "mode": 420
      },
      {
        "path": "evals/baseline/scenarios/security-sensitive.v1.json",
        "size": 1997,
        "mode": 420
      },
      {
        "path": "evals/baseline/scenarios/ui-flow.v1.json",
        "size": 1936,
        "mode": 420
      },
      {
        "path": "evals/baseline/schema/corpus-manifest.schema.json",
        "size": 518,
        "mode": 420
      },
      {
        "path": "evals/baseline/schema/run-manifest.schema.json",
        "size": 2434,
        "mode": 420
      },
      {
        "path": "evals/baseline/schema/scenario.schema.json",
        "size": 3195,
        "mode": 420
      },
      {
        "path": "evals/baseline/schema/score.schema.json",
        "size": 857,
        "mode": 420
      },
      {
        "path": "evals/fixtures/evaluator/api-change/assertions.yaml",
        "size": 436,
        "mode": 420
      },
      {
        "path": "evals/fixtures/evaluator/brownfield-feature/assertions.yaml",
        "size": 488,
        "mode": 420
      },
      {
        "path": "evals/fixtures/evaluator/bug-fix/assertions.yaml",
        "size": 485,
        "mode": 420
      },
      {
        "path": "evals/fixtures/evaluator/greenfield-feature/assertions.yaml",
        "size": 458,
        "mode": 420
      },
      {
        "path": "evals/fixtures/evaluator/interrupted-resumed/assertions.yaml",
        "size": 459,
        "mode": 420
      },
      {
        "path": "evals/fixtures/evaluator/noop-calibration/assertions.yaml",
        "size": 427,
        "mode": 420
      },
      {
        "path": "evals/fixtures/evaluator/refactor/assertions.yaml",
        "size": 463,
        "mode": 420
      },
      {
        "path": "evals/fixtures/evaluator/security-sensitive/assertions.yaml",
        "size": 435,
        "mode": 420
      },
      {
        "path": "evals/fixtures/evaluator/ui-flow/assertions.yaml",
        "size": 400,
        "mode": 420
      },
      {
        "path": "evals/fixtures/PROVENANCE.md",
        "size": 515,
        "mode": 420
      },
      {
        "path": "evals/fixtures/public/api-change/task.md",
        "size": 453,
        "mode": 420
      },
      {
        "path": "evals/fixtures/public/brownfield-feature/task.md",
        "size": 456,
        "mode": 420
      },
      {
        "path": "evals/fixtures/public/bug-fix/task.md",
        "size": 461,
        "mode": 420
      },
      {
        "path": "evals/fixtures/public/greenfield-feature/task.md",
        "size": 501,
        "mode": 420
      },
      {
        "path": "evals/fixtures/public/interrupted-resumed/task.md",
        "size": 476,
        "mode": 420
      },
      {
        "path": "evals/fixtures/public/noop-calibration/task.md",
        "size": 244,
        "mode": 420
      },
      {
        "path": "evals/fixtures/public/refactor/task.md",
        "size": 462,
        "mode": 420
      },
      {
        "path": "evals/fixtures/public/security-sensitive/task.md",
        "size": 486,
        "mode": 420
      },
      {
        "path": "evals/fixtures/public/ui-flow/task.md",
        "size": 450,
        "mode": 420
      },
      {
        "path": "package.json",
        "size": 1551,
        "mode": 420
      },
      {
        "path": "pnpm-workspace.yaml",
        "size": 67,
        "mode": 420
      },
      {
        "path": "tsconfig.base.json",
        "size": 792,
        "mode": 420
      }
    ],
    "entryCount": 60,
    "bundled": []
  }
]

>>> pnpm pack --dry-run
package: @9thlevelsoftware/legion@9.0.0-alpha.0
Tarball Contents
CHANGELOG.md
docs/legion-next-roadmap.md
docs/next/adr/.gitkeep
docs/next/adr/ADR-001-runtime-product.md
docs/next/adr/ADR-002-functional-workers.md
docs/next/adr/ADR-003-state-ownership.md
docs/next/adr/ADR-004-runtime-driver.md
docs/next/adr/ADR-005-events-idempotency.md
docs/next/adr/ADR-006-risk-adaptive-gates.md
docs/next/adr/ADR-007-kanban-migration.md
docs/next/adr/ADR-008-local-store-selection.md
docs/next/baseline/V8-WORKFLOW-COMPATIBILITY-BASELINE.md
docs/next/PHASE-00-DECISION.md
docs/next/README.md
docs/next/V8-MAINTENANCE-POLICY.md
evals/baseline/.gitkeep
evals/baseline/corpus-manifest.yaml
evals/baseline/fixture-hashes.sha256
evals/baseline/manifest.yaml
evals/baseline/README.md
evals/baseline/rubrics/deterministic.yaml
evals/baseline/rubrics/judged.yaml
evals/baseline/run-manifest-template.yaml
evals/baseline/runs/.gitkeep
evals/baseline/runs/P00-T06-BLOCKED-20260619/blocker.json
evals/baseline/scenarios/api-change.v1.json
evals/baseline/scenarios/brownfield-feature.v1.json
evals/baseline/scenarios/bug-fix.v1.json
evals/baseline/scenarios/greenfield-feature.v1.json
evals/baseline/scenarios/interrupted-resumed.v1.json
evals/baseline/scenarios/noop-calibration.v1.json
evals/baseline/scenarios/refactor.v1.json
evals/baseline/scenarios/security-sensitive.v1.json
evals/baseline/scenarios/ui-flow.v1.json
evals/baseline/schema/corpus-manifest.schema.json
evals/baseline/schema/run-manifest.schema.json
evals/baseline/schema/scenario.schema.json
evals/baseline/schema/score.schema.json
evals/fixtures/evaluator/api-change/assertions.yaml
evals/fixtures/evaluator/brownfield-feature/assertions.yaml
evals/fixtures/evaluator/bug-fix/assertions.yaml
evals/fixtures/evaluator/greenfield-feature/assertions.yaml
evals/fixtures/evaluator/interrupted-resumed/assertions.yaml
evals/fixtures/evaluator/noop-calibration/assertions.yaml
evals/fixtures/evaluator/refactor/assertions.yaml
evals/fixtures/evaluator/security-sensitive/assertions.yaml
evals/fixtures/evaluator/ui-flow/assertions.yaml
evals/fixtures/PROVENANCE.md
evals/fixtures/public/api-change/task.md
evals/fixtures/public/brownfield-feature/task.md
evals/fixtures/public/bug-fix/task.md
evals/fixtures/public/greenfield-feature/task.md
evals/fixtures/public/interrupted-resumed/task.md
evals/fixtures/public/noop-calibration/task.md
evals/fixtures/public/refactor/task.md
evals/fixtures/public/security-sensitive/task.md
evals/fixtures/public/ui-flow/task.md
package.json
pnpm-workspace.yaml
tsconfig.base.json
Tarball Details
9thlevelsoftware-legion-9.0.0-alpha.0.tgz
{
  "current_file_count": 60,
  "evidence_files_in_current_package": 0,
  "legacy_roots_present_in_current": {
    "bin/": false,
    "commands/": false,
    "skills/": false,
    "adapters/": false,
    "agents/": false
  }
}
completed_at: 2026-06-19T19:43:07.0819048-04:00
result: PASS
