package: @9thlevelsoftware/legion@9.0.0-alpha.0
Tarball Contents
CHANGELOG.md
docs/legion-next-roadmap.md
docs/next/adr/.gitkeep
docs/next/adr/ADR-001-runtime-product.md
docs/next/adr/ADR-002-functional-workers.md
docs/next/adr/ADR-003-state-ownership.md
docs/next/adr/ADR-004-runtime-driver.md
docs/next/adr/ADR-005-events-idempotency.md
docs/next/adr/ADR-006-risk-adaptive-gates.md
docs/next/adr/ADR-007-kanban-migration.md
docs/next/adr/ADR-008-local-store-selection.md
docs/next/baseline/V8-WORKFLOW-COMPATIBILITY-BASELINE.md
docs/next/PHASE-00-DECISION.md
docs/next/README.md
docs/next/V8-MAINTENANCE-POLICY.md
evals/baseline/.gitkeep
evals/baseline/corpus-manifest.yaml
evals/baseline/fixture-hashes.sha256
evals/baseline/manifest.yaml
evals/baseline/README.md
evals/baseline/rubrics/deterministic.yaml
evals/baseline/rubrics/judged.yaml
evals/baseline/run-manifest-template.yaml
evals/baseline/runs/.gitkeep
evals/baseline/runs/P00-T06-BLOCKED-20260619/blocker.json
evals/baseline/scenarios/api-change.v1.json
evals/baseline/scenarios/brownfield-feature.v1.json
evals/baseline/scenarios/bug-fix.v1.json
evals/baseline/scenarios/greenfield-feature.v1.json
evals/baseline/scenarios/interrupted-resumed.v1.json
evals/baseline/scenarios/noop-calibration.v1.json
evals/baseline/scenarios/refactor.v1.json
evals/baseline/scenarios/security-sensitive.v1.json
evals/baseline/scenarios/ui-flow.v1.json
evals/baseline/schema/corpus-manifest.schema.json
evals/baseline/schema/run-manifest.schema.json
evals/baseline/schema/scenario.schema.json
evals/baseline/schema/score.schema.json
evals/fixtures/evaluator/api-change/assertions.yaml
evals/fixtures/evaluator/brownfield-feature/assertions.yaml
evals/fixtures/evaluator/bug-fix/assertions.yaml
evals/fixtures/evaluator/greenfield-feature/assertions.yaml
evals/fixtures/evaluator/interrupted-resumed/assertions.yaml
evals/fixtures/evaluator/noop-calibration/assertions.yaml
evals/fixtures/evaluator/refactor/assertions.yaml
evals/fixtures/evaluator/security-sensitive/assertions.yaml
evals/fixtures/evaluator/ui-flow/assertions.yaml
evals/fixtures/PROVENANCE.md
evals/fixtures/public/api-change/task.md
evals/fixtures/public/brownfield-feature/task.md
evals/fixtures/public/bug-fix/task.md
evals/fixtures/public/greenfield-feature/task.md
evals/fixtures/public/interrupted-resumed/task.md
evals/fixtures/public/noop-calibration/task.md
evals/fixtures/public/refactor/task.md
evals/fixtures/public/security-sensitive/task.md
evals/fixtures/public/ui-flow/task.md
package.json
pnpm-workspace.yaml
tsconfig.base.json
Tarball Details
9thlevelsoftware-legion-9.0.0-alpha.0.tgz
